<?xml version="1.0" encoding="UTF-8"?>
<testng-results ignored="0" total="1" passed="1" failed="0" skipped="0">
  <reporter-output>
  </reporter-output>
  <suite started-at="2025-01-29T09:32:09 IST" name="Default suite" finished-at="2025-01-29T09:32:25 IST" duration-ms="16012">
    <groups>
    </groups>
    <test started-at="2025-01-29T09:32:09 IST" name="Default test" finished-at="2025-01-29T09:32:25 IST" duration-ms="16012">
      <class name="Java311_Jan2025.TC01_Jobs">
        <test-method signature="AddJobs()[pri:0, instance:Java311_Jan2025.TC01_Jobs@12a94400]" started-at="2025-01-29T09:32:09 IST" name="AddJobs" finished-at="2025-01-29T09:32:25 IST" duration-ms="15959" status="PASS">
          <reporter-output>
          </reporter-output>
        </test-method> <!-- AddJobs -->
      </class> <!-- Java311_Jan2025.TC01_Jobs -->
    </test> <!-- Default test -->
  </suite> <!-- Default suite -->
</testng-results>
