<?xml version="1.0" encoding="UTF-8"?>
<!-- Generated by org.testng.reporters.JUnitXMLReporter -->
<testsuite ignored="1" hostname="TR13IT0HI1KA2010" failures="0" tests="2" name="Test" time="20.463" errors="0" timestamp="2024-11-23T13:48:17 IST">
  <testcase classname="Day0001.TC01_Skills" name="Nationality2" time="10.695"/>
  <testcase classname="Day0001.TC01_Nationality" name="Nationality1" time="9.748"/>
  <testcase classname="Day0001.TC01_Add_Jobs" name="JobsTest" time="0.0">
    <ignored/>
  </testcase> <!-- JobsTest -->
</testsuite> <!-- Test -->
