<?xml version="1.0" encoding="UTF-8"?>
<!-- Generated by org.testng.reporters.JUnitXMLReporter -->
<testsuite ignored="2" hostname="TR13IT0HI1KA2010" failures="0" tests="1" name="test2" time="34.094" errors="0" timestamp="2024-09-11T09:51:33 IST">
  <testcase classname="Day_032_TestNG_Groups.AllTests" name="Test2" time="34.061"/>
  <testcase classname="Day_032_TestNG_Groups.AllTests" name="Test1" time="0.0">
    <ignored/>
  </testcase> <!-- Test1 -->
  <testcase classname="Day_032_TestNG_Groups.AllTests" name="Test3" time="0.0">
    <ignored/>
  </testcase> <!-- Test3 -->
</testsuite> <!-- test2 -->
